<?xml version="1.0" encoding="UTF-8"?>
<!-- Generated by org.testng.reporters.JUnitReportReporter -->
<testsuite hostname="RaviGone" failures="0" tests="1" name="Day_017_Advanced_Xpaths.T11_Self_Xpath" time="26.369" errors="0" timestamp="26 Aug 2021 07:39:53 GMT" skipped="0">
  <testcase classname="Day_017_Advanced_Xpaths.T11_Self_Xpath" name="Xpath2" time="26.369"/>
</testsuite> <!-- Day_017_Advanced_Xpaths.T11_Self_Xpath -->
