<?xml version="1.0" encoding="UTF-8"?>
<!-- Generated by org.testng.reporters.JUnitReportReporter -->
<testsuite hostname="RaviGone" failures="0" tests="1" name="Day_009_Custimize_EmailableReport_Lab1.Test1_Nationality" time="24.153" errors="0" timestamp="09 Oct 2021 10:57:36 GMT" skipped="0">
  <testcase classname="Day_009_Custimize_EmailableReport_Lab1.Test1_Nationality" name="Custamize_Report" time="24.153"/>
</testsuite> <!-- Day_009_Custimize_EmailableReport_Lab1.Test1_Nationality -->
