<?xml version="1.0" encoding="UTF-8"?>
<!-- Generated by org.testng.reporters.JUnitReportReporter -->
<testsuite hostname="RaviGone" failures="0" tests="1" name="Day_013_Waits.Test02_Explicit_Wait" time="41.816" errors="0" timestamp="19 Aug 2021 14:06:53 GMT" skipped="0">
  <testcase classname="Day_013_Waits.Test02_Explicit_Wait" name="Implicit" time="41.816"/>
</testsuite> <!-- Day_013_Waits.Test02_Explicit_Wait -->
