<?xml version="1.0" encoding="UTF-8"?>
<!-- Generated by org.testng.reporters.JUnitReportReporter -->
<testsuite hostname="RaviGone" failures="0" tests="1" name="Day_023_FailedTestCases.MercuryTest" time="11.241" errors="0" timestamp="03 Sep 2021 08:19:25 GMT" skipped="0">
  <testcase classname="Day_023_FailedTestCases.MercuryTest" name="Open_Mercury" time="11.241"/>
</testsuite> <!-- Day_023_FailedTestCases.MercuryTest -->
