<?xml version="1.0" encoding="UTF-8"?>
<!-- Generated by org.testng.reporters.JUnitReportReporter -->
<testsuite hostname="RaviGone" failures="0" tests="1" name="Day_007_DataProvider_LAB_3.ReadingDataFromExcel1" time="1.098" errors="0" timestamp="18 Sep 2021 16:20:21 GMT" skipped="0">
  <testcase classname="Day_007_DataProvider_LAB_3.ReadingDataFromExcel1" name="Datadriven" time="1.098"/>
</testsuite> <!-- Day_007_DataProvider_LAB_3.ReadingDataFromExcel1 -->
