<?xml version="1.0" encoding="UTF-8"?>
<!-- Generated by org.testng.reporters.JUnitReportReporter -->
<testsuite hostname="RaviGone" failures="0" tests="1" name="Day_18_ExcelUtility_Test.Test_3_JobTitles_MultipleData_xlsx" time="88.397" errors="0" timestamp="27 Aug 2021 10:41:25 GMT" skipped="0">
  <testcase classname="Day_18_ExcelUtility_Test.Test_3_JobTitles_MultipleData_xlsx" name="loginTest" time="88.397"/>
</testsuite> <!-- Day_18_ExcelUtility_Test.Test_3_JobTitles_MultipleData_xlsx -->
