<?xml version="1.0" encoding="UTF-8"?>
<!-- Generated by org.testng.reporters.JUnitReportReporter -->
<testsuite hostname="RaviGone" failures="0" tests="1" name="Day_007_DataProvider_LAB_3.Excel_Qualifications2" time="0.000" errors="0" timestamp="23 Aug 2021 14:47:12 GMT" skipped="1">
  <testcase classname="Day_007_DataProvider_LAB_3.Excel_Qualifications2" name="qualification_test" time="0.000">
    <skipped/>
  </testcase> <!-- qualification_test -->
</testsuite> <!-- Day_007_DataProvider_LAB_3.Excel_Qualifications2 -->
