<?xml version="1.0" encoding="UTF-8"?>
<!-- Generated by org.testng.reporters.JUnitReportReporter -->
<testsuite hostname="RaviGone" failures="0" tests="1" name="Day_014_MultipleWindows.Multuple_Window2" time="27.627" errors="0" timestamp="22 Aug 2021 11:45:30 GMT" skipped="0">
  <testcase classname="Day_014_MultipleWindows.Multuple_Window2" name="Test1" time="27.627"/>
</testsuite> <!-- Day_014_MultipleWindows.Multuple_Window2 -->
