<?xml version="1.0" encoding="UTF-8"?>
<!-- Generated by org.testng.reporters.JUnitReportReporter -->
<testsuite hostname="RaviGone" failures="0" tests="1" name="Day4_Dropdown.Test_2_Index" time="25.665" errors="0" timestamp="13 Aug 2021 06:17:26 GMT" skipped="0">
  <testcase classname="Day4_Dropdown.Test_2_Index" name="Drop_down" time="25.665"/>
</testsuite> <!-- Day4_Dropdown.Test_2_Index -->
