<?xml version="1.0" encoding="UTF-8"?>
<!-- Generated by org.testng.reporters.JUnitReportReporter -->
<testsuite hostname="RaviGone" failures="0" tests="1" name="Day_020_PageObject_Model.Test2_Add_Users" time="14.020" errors="0" timestamp="30 Aug 2021 16:17:19 GMT" skipped="0">
  <testcase classname="Day_020_PageObject_Model.Test2_Add_Users" name="AddUsers" time="14.020"/>
</testsuite> <!-- Day_020_PageObject_Model.Test2_Add_Users -->
