<?xml version="1.0" encoding="UTF-8"?>
<!-- Generated by org.testng.reporters.JUnitReportReporter -->
<testsuite hostname="RaviGone" failures="0" tests="2" name="Day_011_ParallelMethods.All_Tests" time="54.681" errors="0" timestamp="18 Aug 2021 14:47:43 GMT" skipped="0">
  <testcase classname="Day_011_ParallelMethods.All_Tests" name="Skill_test" time="26.314"/>
  <testcase classname="Day_011_ParallelMethods.All_Tests" name="Nationality" time="28.367"/>
</testsuite> <!-- Day_011_ParallelMethods.All_Tests -->
