<?xml version="1.0" encoding="UTF-8"?>
<!-- Generated by org.testng.reporters.JUnitReportReporter -->
<testsuite hostname="RaviGone" failures="0" tests="1" name="Day1.Methods" time="22.345" errors="0" timestamp="10 Aug 2021 08:23:30 GMT" skipped="0">
  <testcase classname="Day1.Methods" name="Job_details" time="22.345"/>
</testsuite> <!-- Day1.Methods -->
