<?xml version="1.0" encoding="UTF-8"?>
<!-- Generated by org.testng.reporters.JUnitReportReporter -->
<testsuite hostname="RaviGone" failures="0" tests="2" name="Day_009_TestNG_Parameters.Test1_Static_Paarameters" time="58.067" errors="0" timestamp="23 Aug 2021 15:08:20 GMT" skipped="0">
  <testcase classname="Day_009_TestNG_Parameters.Test1_Static_Paarameters" name="Login_Test" time="27.277"/>
  <testcase classname="Day_009_TestNG_Parameters.Test1_Static_Paarameters" name="Login_Test" time="30.790"/>
</testsuite> <!-- Day_009_TestNG_Parameters.Test1_Static_Paarameters -->
