<?xml version="1.0" encoding="UTF-8"?>
<!-- Generated by org.testng.reporters.JUnitReportReporter -->
<testsuite hostname="RaviGone" failures="0" tests="1" name="Day_015_JavaScriptExecutor.Scrolling_3" time="17.947" errors="0" timestamp="23 Aug 2021 10:13:37 GMT" skipped="0">
  <testcase classname="Day_015_JavaScriptExecutor.Scrolling_3" name="Test_1" time="17.947"/>
</testsuite> <!-- Day_015_JavaScriptExecutor.Scrolling_3 -->
