<?xml version="1.0" encoding="UTF-8"?>
<!-- Generated by org.testng.reporters.JUnitReportReporter -->
<testsuite hostname="RaviGone" failures="0" tests="1" name="Day_015_JavaScriptExecutor.SendKeys_4" time="33.313" errors="0" timestamp="23 Aug 2021 10:30:37 GMT" skipped="0">
  <testcase classname="Day_015_JavaScriptExecutor.SendKeys_4" name="Test_1" time="33.313"/>
</testsuite> <!-- Day_015_JavaScriptExecutor.SendKeys_4 -->
