<?xml version="1.0" encoding="UTF-8"?>
<!-- Generated by org.testng.reporters.JUnitReportReporter -->
<testsuite hostname="RaviGone" failures="0" tests="1" name="Day3_Locators.css_selector" time="11.444" errors="0" timestamp="12 Aug 2021 11:02:03 GMT" skipped="0">
  <testcase classname="Day3_Locators.css_selector" name="Selector" time="11.444"/>
</testsuite> <!-- Day3_Locators.css_selector -->
