<?xml version="1.0" encoding="UTF-8"?>
<!-- Generated by org.testng.reporters.JUnitReportReporter -->
<testsuite hostname="RaviGone" failures="0" tests="1" name="ABC_Demo0.Browser_Launch" time="14.108" errors="0" timestamp="28 Aug 2021 16:10:39 GMT" skipped="0">
  <testcase classname="ABC_Demo0.Browser_Launch" name="Edge_browser" time="14.108"/>
</testsuite> <!-- ABC_Demo0.Browser_Launch -->
