<?xml version="1.0" encoding="UTF-8"?>
<!-- Generated by org.testng.reporters.JUnitReportReporter -->
<testsuite hostname="RaviGone" failures="0" tests="1" name="Day_011_ParallelClasses.Test2_Nationalities" time="26.834" errors="0" timestamp="18 Aug 2021 10:49:48 GMT" skipped="0">
  <testcase classname="Day_011_ParallelClasses.Test2_Nationalities" name="Nationality" time="26.834"/>
</testsuite> <!-- Day_011_ParallelClasses.Test2_Nationalities -->
