<?xml version="1.0" encoding="UTF-8"?>
<!-- Generated by org.testng.reporters.JUnitReportReporter -->
<testsuite hostname="RaviGone" failures="0" tests="1" name="Day_013_Waits.Test03_Fluent_Wait" time="34.586" errors="0" timestamp="19 Aug 2021 15:01:22 GMT" skipped="0">
  <testcase classname="Day_013_Waits.Test03_Fluent_Wait" name="Implicit" time="34.586"/>
</testsuite> <!-- Day_013_Waits.Test03_Fluent_Wait -->
