<?xml version="1.0" encoding="UTF-8"?>
<!-- Generated by org.testng.reporters.JUnitReportReporter -->
<testsuite hostname="RaviGone" failures="0" tests="1" name="Day_020_PageObject_Model.UsersPage" time="0.015" errors="0" timestamp="30 Aug 2021 12:49:22 GMT" skipped="0">
  <testcase classname="Day_020_PageObject_Model.UsersPage" name="Users" time="0.015"/>
</testsuite> <!-- Day_020_PageObject_Model.UsersPage -->
