<?xml version="1.0" encoding="UTF-8"?>
<!-- Generated by org.testng.reporters.JUnitReportReporter -->
<testsuite hostname="RaviGone" failures="0" tests="1" name="Day4_Dropdown.Test_1_Visibletext_parameters" time="24.232" errors="0" timestamp="13 Aug 2021 05:45:35 GMT" skipped="0">
  <testcase classname="Day4_Dropdown.Test_1_Visibletext_parameters" name="Drop_down" time="24.232"/>
</testsuite> <!-- Day4_Dropdown.Test_1_Visibletext_parameters -->
