<?xml version="1.0" encoding="UTF-8"?>
<!-- Generated by org.testng.reporters.JUnitReportReporter -->
<testsuite hostname="RaviGone" failures="0" tests="1" name="Day_023_FailedTestCases.OrangeHRMTest" time="11.855" errors="0" timestamp="03 Sep 2021 08:18:21 GMT" skipped="0">
  <testcase classname="Day_023_FailedTestCases.OrangeHRMTest" name="Open_OrangeHRM" time="11.855"/>
</testsuite> <!-- Day_023_FailedTestCases.OrangeHRMTest -->
