<?xml version="1.0" encoding="UTF-8"?>
<!-- Generated by org.testng.reporters.JUnitReportReporter -->
<testsuite hostname="RaviGone" failures="0" tests="1" name="Day_017_Advanced_Xpaths.T10_Child_Xpath" time="24.640" errors="0" timestamp="26 Aug 2021 05:21:34 GMT" skipped="0">
  <testcase classname="Day_017_Advanced_Xpaths.T10_Child_Xpath" name="Xpath2" time="24.640"/>
</testsuite> <!-- Day_017_Advanced_Xpaths.T10_Child_Xpath -->
