<?xml version="1.0" encoding="UTF-8"?>
<!-- Generated by org.testng.reporters.JUnitReportReporter -->
<testsuite hostname="RaviGone" failures="0" tests="1" name="Day3_Locators.TC05_LinkText" time="24.754" errors="0" timestamp="15 Aug 2021 04:45:54 GMT" skipped="0">
  <testcase classname="Day3_Locators.TC05_LinkText" name="Test_xpath" time="24.754"/>
</testsuite> <!-- Day3_Locators.TC05_LinkText -->
