<?xml version="1.0" encoding="UTF-8"?>
<!-- Generated by org.testng.reporters.JUnitReportReporter -->
<testsuite hostname="RaviGone" failures="0" tests="1" name="Day6_DataProvider_LAB_2.Excel_Qualifications2" time="0.000" errors="0" timestamp="13 Aug 2021 16:03:50 GMT" skipped="1">
  <testcase classname="Day6_DataProvider_LAB_2.Excel_Qualifications2" name="qualification_test" time="0.000">
    <skipped/>
  </testcase> <!-- qualification_test -->
</testsuite> <!-- Day6_DataProvider_LAB_2.Excel_Qualifications2 -->
