<?xml version="1.0" encoding="UTF-8"?>
<!-- Generated by org.testng.reporters.JUnitReportReporter -->
<testsuite hostname="RaviGone" failures="0" tests="1" name="Day3_Locators.TS07_className" time="13.961" errors="0" timestamp="12 Aug 2021 11:00:04 GMT" skipped="0">
  <testcase classname="Day3_Locators.TS07_className" name="Test_class" time="13.961"/>
</testsuite> <!-- Day3_Locators.TS07_className -->
