<?xml version="1.0" encoding="UTF-8"?>
<!-- Generated by org.testng.reporters.JUnitReportReporter -->
<testsuite hostname="RaviGone" failures="0" tests="1" name="Day_016_FileUpload.PhotoUpload_JobTitles2" time="29.891" errors="0" timestamp="25 Aug 2021 05:33:00 GMT" skipped="0">
  <testcase classname="Day_016_FileUpload.PhotoUpload_JobTitles2" name="Pic_Upload" time="29.891"/>
</testsuite> <!-- Day_016_FileUpload.PhotoUpload_JobTitles2 -->
