<?xml version="1.0" encoding="UTF-8"?>
<!-- Generated by org.testng.reporters.JUnitReportReporter -->
<testsuite hostname="RaviGone" failures="0" tests="1" name="Day2_Parameters.Parameters_Nonstatic" time="21.817" errors="0" timestamp="11 Aug 2021 09:01:28 GMT" skipped="0">
  <testcase classname="Day2_Parameters.Parameters_Nonstatic" name="Static_Paramaters_test" time="21.817"/>
</testsuite> <!-- Day2_Parameters.Parameters_Nonstatic -->
