<?xml version="1.0" encoding="UTF-8"?>
<!-- Generated by org.testng.reporters.JUnitReportReporter -->
<testsuite hostname="RaviGone" failures="0" tests="1" name="Day_017_Advanced_Xpaths.T07_Fallowing_Xpath2" time="84.040" errors="0" timestamp="11 Sep 2021 04:41:01 GMT" skipped="0">
  <testcase classname="Day_017_Advanced_Xpaths.T07_Fallowing_Xpath2" name="Xpath2" time="84.040"/>
</testsuite> <!-- Day_017_Advanced_Xpaths.T07_Fallowing_Xpath2 -->
