<?xml version="1.0" encoding="UTF-8"?>
<!-- Generated by org.testng.reporters.JUnitReportReporter -->
<testsuite hostname="RaviGone" failures="0" tests="2" name="Day5_DataProvider.DataProvider_Qualifications2" time="41.842" errors="0" timestamp="13 Aug 2021 11:32:46 GMT" skipped="0">
  <testcase classname="Day5_DataProvider.DataProvider_Qualifications2" name="Static_Paramaters_test" time="19.996"/>
  <testcase classname="Day5_DataProvider.DataProvider_Qualifications2" name="Static_Paramaters_test" time="21.846"/>
</testsuite> <!-- Day5_DataProvider.DataProvider_Qualifications2 -->
