<?xml version="1.0" encoding="UTF-8"?>
<!-- Generated by org.testng.reporters.JUnitReportReporter -->
<testsuite hostname="RaviGone" failures="0" tests="1" name="Dropdown.Test_1_Visibletext" time="20.938" errors="0" timestamp="12 Aug 2021 13:13:07 GMT" skipped="0">
  <testcase classname="Dropdown.Test_1_Visibletext" name="Drop_down" time="20.938"/>
</testsuite> <!-- Dropdown.Test_1_Visibletext -->
