<?xml version="1.0" encoding="UTF-8"?>
<!-- Generated by org.testng.reporters.JUnitReportReporter -->
<testsuite hostname="RaviGone" failures="0" tests="1" name="Day_014_Frames.Switch_by_WebElement_ref_2" time="15.074" errors="0" timestamp="22 Aug 2021 10:35:52 GMT" skipped="0">
  <testcase classname="Day_014_Frames.Switch_by_WebElement_ref_2" name="Frames_Name" time="15.074"/>
</testsuite> <!-- Day_014_Frames.Switch_by_WebElement_ref_2 -->
