<?xml version="1.0" encoding="UTF-8"?>
<!-- Generated by org.testng.reporters.JUnitReportReporter -->
<testsuite hostname="RaviGone" failures="0" tests="1" name="Day8_Emailable_Report.Test2" time="9.032" errors="0" timestamp="16 Aug 2021 05:54:56 GMT" skipped="0">
  <testcase classname="Day8_Emailable_Report.Test2" name="Login" time="9.032"/>
</testsuite> <!-- Day8_Emailable_Report.Test2 -->
