<?xml version="1.0" encoding="UTF-8"?>
<!-- Generated by org.testng.reporters.JUnitReportReporter -->
<testsuite hostname="RaviGone" failures="0" tests="1" name="Day_015_JavaScriptExecutor.Scrolling_2" time="11.207" errors="0" timestamp="23 Aug 2021 09:49:23 GMT" skipped="0">
  <testcase classname="Day_015_JavaScriptExecutor.Scrolling_2" name="Test_1" time="11.207"/>
</testsuite> <!-- Day_015_JavaScriptExecutor.Scrolling_2 -->
