<?xml version="1.0" encoding="UTF-8"?>
<!-- Generated by org.testng.reporters.JUnitReportReporter -->
<testsuite hostname="RaviGone" failures="0" tests="1" name="Day9_Katalon_Recorder.Test2" time="23.134" errors="0" timestamp="16 Aug 2021 13:04:10 GMT" skipped="0">
  <testcase classname="Day9_Katalon_Recorder.Test2" name="Katalon" time="23.134"/>
</testsuite> <!-- Day9_Katalon_Recorder.Test2 -->
