<?xml version="1.0" encoding="UTF-8"?>
<!-- Generated by org.testng.reporters.JUnitReportReporter -->
<testsuite hostname="RaviGone" failures="0" tests="1" name="Day_012_MultipleSuits.Flipkart" time="40.568" errors="0" timestamp="18 Aug 2021 15:59:40 GMT" skipped="0">
  <testcase classname="Day_012_MultipleSuits.Flipkart" name="Browser" time="40.568"/>
</testsuite> <!-- Day_012_MultipleSuits.Flipkart -->
