<?xml version="1.0" encoding="UTF-8"?>
<!-- Generated by org.testng.reporters.JUnitReportReporter -->
<testsuite hostname="RaviGone" failures="0" tests="1" name="Day_017_Advanced_Xpaths.T14_Following_Siblings" time="13.092" errors="0" timestamp="26 Aug 2021 09:10:20 GMT" skipped="0">
  <testcase classname="Day_017_Advanced_Xpaths.T14_Following_Siblings" name="Test1" time="13.092"/>
</testsuite> <!-- Day_017_Advanced_Xpaths.T14_Following_Siblings -->
