<?xml version="1.0" encoding="UTF-8"?>
<!-- Generated by org.testng.reporters.JUnitReportReporter -->
<testsuite hostname="RaviGone" failures="0" tests="1" name="Day_009_TestNG_Parameters.TC02_Login_Static_Paarameters1" time="43.537" errors="0" timestamp="18 Aug 2021 08:12:08 GMT" skipped="0">
  <testcase classname="Day_009_TestNG_Parameters.TC02_Login_Static_Paarameters1" name="Login_Test" time="43.537"/>
</testsuite> <!-- Day_009_TestNG_Parameters.TC02_Login_Static_Paarameters1 -->
