<?xml version="1.0" encoding="UTF-8"?>
<!-- Generated by org.testng.reporters.JUnitReportReporter -->
<testsuite hostname="RaviGone" failures="0" tests="1" name="Day_016_FileUpload.Existing_ID_PhotoUpload" time="41.720" errors="0" timestamp="24 Aug 2021 09:45:39 GMT" skipped="0">
  <testcase classname="Day_016_FileUpload.Existing_ID_PhotoUpload" name="Pic_Upload" time="41.720"/>
</testsuite> <!-- Day_016_FileUpload.Existing_ID_PhotoUpload -->
