<?xml version="1.0" encoding="UTF-8"?>
<!-- Generated by org.testng.reporters.JUnitReportReporter -->
<testsuite hostname="RaviGone" failures="0" tests="1" name="Day_18_ExcelUtility_Test.Test_4_JobTitles_PutData_xlsx" time="1.568" errors="0" timestamp="27 Aug 2021 11:16:52 GMT" skipped="0">
  <testcase classname="Day_18_ExcelUtility_Test.Test_4_JobTitles_PutData_xlsx" name="loginTest" time="1.568"/>
</testsuite> <!-- Day_18_ExcelUtility_Test.Test_4_JobTitles_PutData_xlsx -->
