<?xml version="1.0" encoding="UTF-8"?>
<!-- Generated by org.testng.reporters.JUnitReportReporter -->
<testsuite hostname="RaviGone" failures="0" tests="1" name="Day_017_Advanced_Xpaths.T05_ContainsText_Xpath" time="20.807" errors="0" timestamp="25 Aug 2021 10:26:37 GMT" skipped="0">
  <testcase classname="Day_017_Advanced_Xpaths.T05_ContainsText_Xpath" name="Xpath2" time="20.807"/>
</testsuite> <!-- Day_017_Advanced_Xpaths.T05_ContainsText_Xpath -->
