<?xml version="1.0" encoding="UTF-8"?>
<!-- Generated by org.testng.reporters.JUnitReportReporter -->
<testsuite hostname="RaviGone" failures="0" tests="1" name="Day1.Open_Browser" time="19.252" errors="0" timestamp="10 Aug 2021 06:37:12 GMT" skipped="0">
  <testcase classname="Day1.Open_Browser" name="Browser" time="19.252"/>
</testsuite> <!-- Day1.Open_Browser -->
