<?xml version="1.0" encoding="UTF-8"?>
<!-- Generated by org.testng.reporters.JUnitReportReporter -->
<testsuite hostname="RaviGone" failures="0" tests="1" name="Day3_Locators.TC02_Name" time="12.889" errors="0" timestamp="14 Aug 2021 05:11:00 GMT" skipped="0">
  <testcase classname="Day3_Locators.TC02_Name" name="Test_Name" time="12.889"/>
</testsuite> <!-- Day3_Locators.TC02_Name -->
