<?xml version="1.0" encoding="UTF-8"?>
<!-- Generated by org.testng.reporters.JUnitReportReporter -->
<testsuite hostname="RaviGone" failures="0" tests="3" name="Day5_DataProvider.DataProvider_Qualifications" time="59.330" errors="0" timestamp="13 Aug 2021 11:13:45 GMT" skipped="0">
  <testcase classname="Day5_DataProvider.DataProvider_Qualifications" name="Static_Paramaters_test" time="19.064"/>
  <testcase classname="Day5_DataProvider.DataProvider_Qualifications" name="Static_Paramaters_test" time="21.146"/>
  <testcase classname="Day5_DataProvider.DataProvider_Qualifications" name="Static_Paramaters_test" time="19.120"/>
</testsuite> <!-- Day5_DataProvider.DataProvider_Qualifications -->
