<?xml version="1.0" encoding="UTF-8"?>
<!-- Generated by org.testng.reporters.JUnitReportReporter -->
<testsuite hostname="RaviGone" failures="0" tests="1" name="Dropdown.Test_2_Index" time="65.887" errors="0" timestamp="12 Aug 2021 13:27:06 GMT" skipped="0">
  <testcase classname="Dropdown.Test_2_Index" name="Drop_down" time="65.887"/>
</testsuite> <!-- Dropdown.Test_2_Index -->
