<?xml version="1.0" encoding="UTF-8"?>
<!-- Generated by org.testng.reporters.JUnitReportReporter -->
<testsuite hostname="RaviGone" failures="0" tests="1" name="Day_014_Frames.Switch_by_Index_4" time="14.523" errors="0" timestamp="22 Aug 2021 11:00:29 GMT" skipped="0">
  <testcase classname="Day_014_Frames.Switch_by_Index_4" name="Frames_Name" time="14.523"/>
</testsuite> <!-- Day_014_Frames.Switch_by_Index_4 -->
