<?xml version="1.0" encoding="UTF-8"?>
<!-- Generated by org.testng.reporters.JUnitReportReporter -->
<testsuite hostname="RaviGone" failures="0" tests="1" name="Day_009_Custimize_EmailableReport_Lab1.TC01_Test" time="16.411" errors="0" timestamp="09 Oct 2021 10:53:11 GMT" skipped="0">
  <testcase classname="Day_009_Custimize_EmailableReport_Lab1.TC01_Test" name="TC01_Report_Test" time="16.411"/>
</testsuite> <!-- Day_009_Custimize_EmailableReport_Lab1.TC01_Test -->
