<?xml version="1.0" encoding="UTF-8"?>
<!-- Generated by org.testng.reporters.JUnitReportReporter -->
<testsuite hostname="RaviGone" failures="0" tests="1" name="Day9_Katalon_Recorder.Test1" time="23.356" errors="0" timestamp="16 Aug 2021 12:50:45 GMT" skipped="0">
  <testcase classname="Day9_Katalon_Recorder.Test1" name="Katalon" time="23.356"/>
</testsuite> <!-- Day9_Katalon_Recorder.Test1 -->
