<?xml version="1.0" encoding="UTF-8"?>
<!-- Generated by org.testng.reporters.JUnitReportReporter -->
<testsuite hostname="RaviGone" failures="0" tests="1" name="Day_009_ExtentReports.Extent_Nationality" time="19.528" errors="0" timestamp="11 Oct 2021 09:55:33 GMT" skipped="0">
  <testcase classname="Day_009_ExtentReports.Extent_Nationality" name="Extent_ReportTest" time="19.528"/>
</testsuite> <!-- Day_009_ExtentReports.Extent_Nationality -->
