<?xml version="1.0" encoding="UTF-8"?>
<!-- Generated by org.testng.reporters.JUnitReportReporter -->
<testsuite hostname="RaviGone" failures="0" tests="1" name="Day1.Add_Skills" time="23.796" errors="0" timestamp="10 Aug 2021 10:18:36 GMT" skipped="0">
  <testcase classname="Day1.Add_Skills" name="Skill_test" time="23.796"/>
</testsuite> <!-- Day1.Add_Skills -->
