<?xml version="1.0" encoding="UTF-8"?>
<!-- Generated by org.testng.reporters.JUnitReportReporter -->
<testsuite hostname="RaviGone" failures="0" tests="1" name="Day_022_Return_Values.TC005_Return_Multiple_Values_HashMap" time="0.022" errors="0" timestamp="03 Sep 2021 07:55:08 GMT" skipped="0">
  <testcase classname="Day_022_Return_Values.TC005_Return_Multiple_Values_HashMap" name="Test1" time="0.022"/>
</testsuite> <!-- Day_022_Return_Values.TC005_Return_Multiple_Values_HashMap -->
