<?xml version="1.0" encoding="UTF-8"?>
<!-- Generated by org.testng.reporters.JUnitReportReporter -->
<testsuite hostname="RaviGone" failures="0" tests="6" name="Day_013_Priority_Test.Test01_Priority_Test" time="27.159" errors="0" timestamp="19 Aug 2021 16:17:23 GMT" skipped="0">
  <testcase classname="Day_013_Priority_Test.Test01_Priority_Test" name="openBrowser" time="2.448"/>
  <testcase classname="Day_013_Priority_Test.Test01_Priority_Test" name="openOrangeHRM" time="9.374"/>
  <testcase classname="Day_013_Priority_Test.Test01_Priority_Test" name="Login" time="4.880"/>
  <testcase classname="Day_013_Priority_Test.Test01_Priority_Test" name="AddLocations" time="7.261"/>
  <testcase classname="Day_013_Priority_Test.Test01_Priority_Test" name="Logout" time="2.387"/>
  <testcase classname="Day_013_Priority_Test.Test01_Priority_Test" name="CloseBrowser" time="0.809"/>
</testsuite> <!-- Day_013_Priority_Test.Test01_Priority_Test -->
