<?xml version="1.0" encoding="UTF-8"?>
<!-- Generated by org.testng.reporters.JUnitReportReporter -->
<testsuite hostname="RaviGone" failures="0" tests="1" name="Day_010_Custimize_EmailableReport_Lab1.TC01_Test" time="20.573" errors="0" timestamp="17 Aug 2021 10:52:33 GMT" skipped="0">
  <testcase classname="Day_010_Custimize_EmailableReport_Lab1.TC01_Test" name="TC01_Report_Test" time="20.573"/>
</testsuite> <!-- Day_010_Custimize_EmailableReport_Lab1.TC01_Test -->
