<?xml version="1.0" encoding="UTF-8"?>
<!-- Generated by org.testng.reporters.JUnitReportReporter -->
<testsuite hostname="RaviGone" failures="0" tests="1" name="Dropdown.Test_1" time="18.773" errors="0" timestamp="12 Aug 2021 11:38:07 GMT" skipped="0">
  <testcase classname="Dropdown.Test_1" name="Drop_down" time="18.773"/>
</testsuite> <!-- Dropdown.Test_1 -->
