<?xml version="1.0" encoding="UTF-8"?>
<!-- Generated by org.testng.reporters.JUnitReportReporter -->
<testsuite hostname="RaviGone" failures="0" tests="1" name="Day_015_Actions.MouseHover_Action1" time="12.309" errors="0" timestamp="30 Aug 2021 12:54:32 GMT" skipped="0">
  <testcase classname="Day_015_Actions.MouseHover_Action1" name="Mouse_Action" time="12.309"/>
</testsuite> <!-- Day_015_Actions.MouseHover_Action1 -->
