<?xml version="1.0" encoding="UTF-8"?>
<!-- Generated by org.testng.reporters.JUnitReportReporter -->
<testsuite hostname="RaviGone" failures="0" tests="1" name="Day_009_TestNG_Parameters.Test_Parameters" time="0.022" errors="0" timestamp="18 Aug 2021 05:48:14 GMT" skipped="0">
  <testcase classname="Day_009_TestNG_Parameters.Test_Parameters" name="TestNg_Test" time="0.022"/>
</testsuite> <!-- Day_009_TestNG_Parameters.Test_Parameters -->
