<?xml version="1.0" encoding="UTF-8"?>
<!-- Generated by org.testng.reporters.JUnitReportReporter -->
<testsuite hostname="RaviGone" failures="0" tests="1" name="Day_020_PageObject_Model.Test1_Add_Skills" time="13.331" errors="0" timestamp="30 Aug 2021 12:11:43 GMT" skipped="0">
  <testcase classname="Day_020_PageObject_Model.Test1_Add_Skills" name="AddEmployes" time="13.331"/>
</testsuite> <!-- Day_020_PageObject_Model.Test1_Add_Skills -->
