<?xml version="1.0" encoding="UTF-8"?>
<!-- Generated by org.testng.reporters.JUnitReportReporter -->
<testsuite hostname="RaviGone" failures="0" tests="6" name="Day_013_Priority_Test.Test01_Priority_Test1" time="66.605" errors="0" timestamp="19 Aug 2021 16:34:41 GMT" skipped="0">
  <testcase classname="Day_013_Priority_Test.Test01_Priority_Test1" name="openBrowser" time="2.472"/>
  <testcase classname="Day_013_Priority_Test.Test01_Priority_Test1" name="openOrangeHRM" time="21.824"/>
  <testcase classname="Day_013_Priority_Test.Test01_Priority_Test1" name="Login" time="16.884"/>
  <testcase classname="Day_013_Priority_Test.Test01_Priority_Test1" name="AddLocations" time="20.208"/>
  <testcase classname="Day_013_Priority_Test.Test01_Priority_Test1" name="Logout" time="4.183"/>
  <testcase classname="Day_013_Priority_Test.Test01_Priority_Test1" name="CloseBrowser" time="1.034"/>
</testsuite> <!-- Day_013_Priority_Test.Test01_Priority_Test1 -->
