<?xml version="1.0" encoding="UTF-8"?>
<!-- Generated by org.testng.reporters.JUnitReportReporter -->
<testsuite hostname="RaviGone" failures="0" tests="1" name="Day_18_ExcelUtility_Test.Test_1_JobTitles_Method2_xlsx2" time="22.376" errors="0" timestamp="30 Aug 2021 05:22:13 GMT" skipped="0">
  <testcase classname="Day_18_ExcelUtility_Test.Test_1_JobTitles_Method2_xlsx2" name="loginTest" time="22.376"/>
</testsuite> <!-- Day_18_ExcelUtility_Test.Test_1_JobTitles_Method2_xlsx2 -->
