<?xml version="1.0" encoding="UTF-8"?>
<!-- Generated by org.testng.reporters.JUnitReportReporter -->
<testsuite hostname="RaviGone" failures="0" tests="1" name="ABC_Demo0.Login_test_Browser" time="14.727" errors="0" timestamp="11 Aug 2021 06:58:07 GMT" skipped="0">
  <testcase classname="ABC_Demo0.Login_test_Browser" name="Login_test" time="14.727"/>
</testsuite> <!-- ABC_Demo0.Login_test_Browser -->
