<?xml version="1.0" encoding="UTF-8"?>
<!-- Generated by org.testng.reporters.JUnitReportReporter -->
<testsuite hostname="RaviGone" failures="0" tests="1" name="ABC_Demo0.Firefox" time="24.701" errors="0" timestamp="23 Aug 2021 16:47:22 GMT" skipped="0">
  <testcase classname="ABC_Demo0.Firefox" name="Browser" time="24.701"/>
</testsuite> <!-- ABC_Demo0.Firefox -->
