<?xml version="1.0" encoding="UTF-8"?>
<!-- Generated by org.testng.reporters.JUnitReportReporter -->
<testsuite hostname="RaviGone" failures="0" tests="1" name="Day_014_Frames.Switch_by_FrameName" time="9.966" errors="0" timestamp="22 Aug 2021 10:13:49 GMT" skipped="0">
  <testcase classname="Day_014_Frames.Switch_by_FrameName" name="Frames_Name" time="9.966"/>
</testsuite> <!-- Day_014_Frames.Switch_by_FrameName -->
