<?xml version="1.0" encoding="UTF-8"?>
<!-- Generated by org.testng.reporters.JUnitReportReporter -->
<testsuite hostname="RaviGone" failures="0" tests="1" name="Day_015_Actions.DragandDrop_5" time="13.152" errors="0" timestamp="23 Aug 2021 12:05:42 GMT" skipped="0">
  <testcase classname="Day_015_Actions.DragandDrop_5" name="Drop" time="13.152"/>
</testsuite> <!-- Day_015_Actions.DragandDrop_5 -->
