<?xml version="1.0" encoding="UTF-8"?>
<!-- Generated by org.testng.reporters.JUnitReportReporter -->
<testsuite hostname="RaviGone" failures="0" tests="3" name="Day5_DataProvider.DataProviderSkills_Static_Parameters" time="60.549" errors="0" timestamp="13 Aug 2021 10:27:35 GMT" skipped="0">
  <testcase classname="Day5_DataProvider.DataProviderSkills_Static_Parameters" name="Static_Paramaters_test" time="16.389"/>
  <testcase classname="Day5_DataProvider.DataProviderSkills_Static_Parameters" name="Static_Paramaters_test" time="24.058"/>
  <testcase classname="Day5_DataProvider.DataProviderSkills_Static_Parameters" name="Static_Paramaters_test" time="20.102"/>
</testsuite> <!-- Day5_DataProvider.DataProviderSkills_Static_Parameters -->
