<?xml version="1.0" encoding="UTF-8"?>
<!-- Generated by org.testng.reporters.JUnitReportReporter -->
<testsuite hostname="RaviGone" failures="0" tests="1" name="Day_010_ExtentReports.Extent_Nationality" time="30.687" errors="0" timestamp="29 Aug 2021 07:42:45 GMT" skipped="0">
  <testcase classname="Day_010_ExtentReports.Extent_Nationality" name="Extent_ReportTest" time="30.687"/>
</testsuite> <!-- Day_010_ExtentReports.Extent_Nationality -->
