<?xml version="1.0" encoding="UTF-8"?>
<!-- Generated by org.testng.reporters.JUnitReportReporter -->
<testsuite hostname="RaviGone" failures="0" tests="1" name="Day_010_Custimize_EmailableReport_Lab1.Test1" time="23.716" errors="0" timestamp="17 Aug 2021 10:46:30 GMT" skipped="0">
  <testcase classname="Day_010_Custimize_EmailableReport_Lab1.Test1" name="Custamize_Report" time="23.716"/>
</testsuite> <!-- Day_010_Custimize_EmailableReport_Lab1.Test1 -->
