<?xml version="1.0" encoding="UTF-8"?>
<!-- Generated by org.testng.reporters.JUnitReportReporter -->
<testsuite hostname="RaviGone" failures="0" tests="1" name="Day_015_JavaScriptExecutor.Scrollby_Pixal_5" time="9.718" errors="0" timestamp="23 Aug 2021 10:39:51 GMT" skipped="0">
  <testcase classname="Day_015_JavaScriptExecutor.Scrollby_Pixal_5" name="Pixal" time="9.718"/>
</testsuite> <!-- Day_015_JavaScriptExecutor.Scrollby_Pixal_5 -->
