<?xml version="1.0" encoding="UTF-8"?>
<!-- Generated by org.testng.reporters.JUnitReportReporter -->
<testsuite hostname="RaviGone" failures="0" tests="1" name="Day_18_ExcelUtility_Test.Test_1_Skills_xlsx" time="24.185" errors="0" timestamp="26 Aug 2021 14:51:09 GMT" skipped="0">
  <testcase classname="Day_18_ExcelUtility_Test.Test_1_Skills_xlsx" name="loginTest" time="24.185"/>
</testsuite> <!-- Day_18_ExcelUtility_Test.Test_1_Skills_xlsx -->
