<?xml version="1.0" encoding="UTF-8"?>
<!-- Generated by org.testng.reporters.JUnitReportReporter -->
<testsuite hostname="RaviGone" failures="0" tests="2" name="Day5_DataProvider.DataProviderSkills_Static_Parameters2" time="40.423" errors="0" timestamp="13 Aug 2021 11:37:53 GMT" skipped="0">
  <testcase classname="Day5_DataProvider.DataProviderSkills_Static_Parameters2" name="Static_Paramaters_test" time="21.047"/>
  <testcase classname="Day5_DataProvider.DataProviderSkills_Static_Parameters2" name="Static_Paramaters_test" time="19.376"/>
</testsuite> <!-- Day5_DataProvider.DataProviderSkills_Static_Parameters2 -->
