<?xml version="1.0" encoding="UTF-8"?>
<!-- Generated by org.testng.reporters.JUnitReportReporter -->
<testsuite hostname="RaviGone" failures="0" tests="1" name="Day1.Static_method" time="32.226" errors="0" timestamp="11 Aug 2021 08:43:09 GMT" skipped="0">
  <testcase classname="Day1.Static_method" name="Job_details" time="32.226"/>
</testsuite> <!-- Day1.Static_method -->
