<?xml version="1.0" encoding="UTF-8"?>
<!-- Generated by org.testng.reporters.JUnitReportReporter -->
<testsuite hostname="RaviGone" failures="0" tests="1" name="Day3_Locators.TC01_Id" time="17.141" errors="0" timestamp="11 Aug 2021 16:00:54 GMT" skipped="0">
  <testcase classname="Day3_Locators.TC01_Id" name="Test_id" time="17.141"/>
</testsuite> <!-- Day3_Locators.TC01_Id -->
