<?xml version="1.0" encoding="UTF-8"?>
<!-- Generated by org.testng.reporters.JUnitReportReporter -->
<testsuite hostname="RaviGone" failures="0" tests="6" name="Day_013_Priority_Test.Test02_WithoutPriority_Test" time="73.844" errors="0" timestamp="19 Aug 2021 16:22:37 GMT" skipped="0">
  <testcase classname="Day_013_Priority_Test.Test02_WithoutPriority_Test" name="Test3_Login" time="16.126"/>
  <testcase classname="Day_013_Priority_Test.Test02_WithoutPriority_Test" name="Test2_openOrangeHRM" time="40.831"/>
  <testcase classname="Day_013_Priority_Test.Test02_WithoutPriority_Test" name="Test5_Logout" time="3.272"/>
  <testcase classname="Day_013_Priority_Test.Test02_WithoutPriority_Test" name="Test1_openBrowser" time="2.462"/>
  <testcase classname="Day_013_Priority_Test.Test02_WithoutPriority_Test" name="Test4_AddLocations" time="10.291"/>
  <testcase classname="Day_013_Priority_Test.Test02_WithoutPriority_Test" name="Test6_CloseBrowser" time="0.862"/>
</testsuite> <!-- Day_013_Priority_Test.Test02_WithoutPriority_Test -->
