<?xml version="1.0" encoding="UTF-8"?>
<!-- Generated by org.testng.reporters.JUnitReportReporter -->
<testsuite hostname="RaviGone" failures="0" tests="1" name="Day_016_FileUpload.Existing_ID_Fileupload2" time="31.322" errors="0" timestamp="10 Sep 2021 05:36:27 GMT" skipped="0">
  <testcase classname="Day_016_FileUpload.Existing_ID_Fileupload2" name="FileUpload" time="31.322"/>
</testsuite> <!-- Day_016_FileUpload.Existing_ID_Fileupload2 -->
