<?xml version="1.0" encoding="UTF-8"?>
<!-- Generated by org.testng.reporters.JUnitReportReporter -->
<testsuite hostname="RaviGone" failures="0" tests="1" name="Day6_DataProvider_LAB_2.DataProviderSkills_Static_" time="0.000" errors="0" timestamp="13 Aug 2021 13:22:45 GMT" skipped="1">
  <testcase classname="Day6_DataProvider_LAB_2.DataProviderSkills_Static_" name="Static_Paramaters_test" time="0.000">
    <skipped/>
  </testcase> <!-- Static_Paramaters_test -->
</testsuite> <!-- Day6_DataProvider_LAB_2.DataProviderSkills_Static_ -->
