<?xml version="1.0" encoding="UTF-8"?>
<!-- Generated by org.testng.reporters.JUnitReportReporter -->
<testsuite hostname="RaviGone" failures="0" tests="1" name="Day_18_ExcelUtility_Test.Test_2_JobTitles_xls" time="27.479" errors="0" timestamp="27 Aug 2021 08:57:20 GMT" skipped="0">
  <testcase classname="Day_18_ExcelUtility_Test.Test_2_JobTitles_xls" name="loginTest" time="27.479"/>
</testsuite> <!-- Day_18_ExcelUtility_Test.Test_2_JobTitles_xls -->
