<?xml version="1.0" encoding="UTF-8"?>
<!-- Generated by org.testng.reporters.JUnitReportReporter -->
<testsuite hostname="RaviGone" failures="0" tests="1" name="Day044_Return_Values.TC002_Return_Multiple_Values" time="0.018" errors="0" timestamp="31 Aug 2021 16:12:47 GMT" skipped="0">
  <testcase classname="Day044_Return_Values.TC002_Return_Multiple_Values" name="Test1" time="0.018"/>
</testsuite> <!-- Day044_Return_Values.TC002_Return_Multiple_Values -->
