<?xml version="1.0" encoding="UTF-8"?>
<!-- Generated by org.testng.reporters.JUnitReportReporter -->
<testsuite hostname="RaviGone" failures="0" tests="1" name="Day_015_Actions.DoubleClick_3" time="14.962" errors="0" timestamp="23 Aug 2021 11:30:25 GMT" skipped="0">
  <testcase classname="Day_015_Actions.DoubleClick_3" name="Clicking" time="14.962"/>
</testsuite> <!-- Day_015_Actions.DoubleClick_3 -->
