<?xml version="1.0" encoding="UTF-8"?>
<!-- Generated by org.testng.reporters.JUnitReportReporter -->
<testsuite hostname="RaviGone" failures="0" tests="1" name="Day1.Logintest_details" time="26.064" errors="0" timestamp="10 Aug 2021 05:39:12 GMT" skipped="0">
  <testcase classname="Day1.Logintest_details" name="Login_details01" time="26.064"/>
</testsuite> <!-- Day1.Logintest_details -->
