<?xml version="1.0" encoding="UTF-8"?>
<!-- Generated by org.testng.reporters.JUnitReportReporter -->
<testsuite hostname="RaviGone" failures="0" tests="2" name="Day_007_DataProvider_LAB_3.TC01_Skills_Excel2" time="74.651" errors="0" timestamp="23 Aug 2021 14:24:00 GMT" skipped="0">
  <testcase classname="Day_007_DataProvider_LAB_3.TC01_Skills_Excel2" name="loginTest" time="26.151"/>
  <testcase classname="Day_007_DataProvider_LAB_3.TC01_Skills_Excel2" name="loginTest" time="48.500"/>
</testsuite> <!-- Day_007_DataProvider_LAB_3.TC01_Skills_Excel2 -->
