<?xml version="1.0" encoding="UTF-8"?>
<!-- Generated by org.testng.reporters.JUnitReportReporter -->
<testsuite hostname="RaviGone" failures="0" tests="1" name="Day3_Locators.TC08_TagName" time="17.985" errors="0" timestamp="12 Aug 2021 10:57:52 GMT" skipped="0">
  <testcase classname="Day3_Locators.TC08_TagName" name="test_tagname" time="17.985"/>
</testsuite> <!-- Day3_Locators.TC08_TagName -->
