<?xml version="1.0" encoding="UTF-8"?>
<!-- Generated by org.testng.reporters.JUnitReportReporter -->
<testsuite hostname="RaviGone" failures="0" tests="1" name="Day1.Login_test" time="34.300" errors="0" timestamp="10 Aug 2021 05:35:13 GMT" skipped="0">
  <testcase classname="Day1.Login_test" name="Login" time="34.300"/>
</testsuite> <!-- Day1.Login_test -->
