<?xml version="1.0" encoding="UTF-8"?>
<!-- Generated by org.testng.reporters.JUnitReportReporter -->
<testsuite hostname="RaviGone" failures="0" tests="1" name="Day_015_Alerts.DemoWebAlert" time="15.466" errors="0" timestamp="31 Aug 2021 12:21:46 GMT" skipped="0">
  <testcase classname="Day_015_Alerts.DemoWebAlert" name="Test6" time="15.466"/>
</testsuite> <!-- Day_015_Alerts.DemoWebAlert -->
