<?xml version="1.0" encoding="UTF-8"?>
<!-- Generated by org.testng.reporters.JUnitReportReporter -->
<testsuite hostname="RaviGone" failures="0" tests="2" name="Day_023_TestNG_Annotations.NewTest" time="0.013" errors="0" timestamp="03 Sep 2021 08:53:05 GMT" skipped="0">
  <testcase classname="Day_023_TestNG_Annotations.NewTest" name="f" time="0.010"/>
  <testcase classname="Day_023_TestNG_Annotations.NewTest" name="f" time="0.003"/>
</testsuite> <!-- Day_023_TestNG_Annotations.NewTest -->
