<?xml version="1.0" encoding="UTF-8"?>
<!-- Generated by org.testng.reporters.JUnitReportReporter -->
<testsuite hostname="RaviGone" failures="0" tests="1" name="Day1.Nationalities2" time="24.026" errors="0" timestamp="10 Aug 2021 10:56:43 GMT" skipped="0">
  <testcase classname="Day1.Nationalities2" name="Nationality" time="24.026"/>
</testsuite> <!-- Day1.Nationalities2 -->
