<?xml version="1.0" encoding="UTF-8"?>
<!-- Generated by org.testng.reporters.JUnitReportReporter -->
<testsuite hostname="RaviGone" failures="0" tests="1" name="ABC_Demo0.Add_Jobtitles" time="18.651" errors="0" timestamp="11 Aug 2021 07:02:23 GMT" skipped="0">
  <testcase classname="ABC_Demo0.Add_Jobtitles" name="admin01" time="18.651"/>
</testsuite> <!-- ABC_Demo0.Add_Jobtitles -->
