<?xml version="1.0" encoding="UTF-8"?>
<!-- Generated by org.testng.reporters.JUnitReportReporter -->
<testsuite hostname="RaviGone" failures="0" tests="1" name="Day1.Job_Titles" time="93.985" errors="0" timestamp="10 Aug 2021 07:01:29 GMT" skipped="0">
  <testcase classname="Day1.Job_Titles" name="Job_details" time="93.985"/>
</testsuite> <!-- Day1.Job_Titles -->
