<?xml version="1.0" encoding="UTF-8"?>
<!-- Generated by org.testng.reporters.JUnitReportReporter -->
<testsuite hostname="RaviGone" failures="0" tests="1" name="Day1.Parameters_Nonstatic" time="23.361" errors="0" timestamp="11 Aug 2021 06:31:57 GMT" skipped="0">
  <testcase classname="Day1.Parameters_Nonstatic" name="Static_Paramaters_test" time="23.361"/>
</testsuite> <!-- Day1.Parameters_Nonstatic -->
