<?xml version="1.0" encoding="UTF-8"?>
<!-- Generated by org.testng.reporters.JUnitReportReporter -->
<testsuite hostname="RaviGone" failures="0" tests="1" name="Day_013_Waits.Test04_Thread_Sleep" time="25.781" errors="0" timestamp="19 Aug 2021 15:52:04 GMT" skipped="0">
  <testcase classname="Day_013_Waits.Test04_Thread_Sleep" name="Implicit" time="25.781"/>
</testsuite> <!-- Day_013_Waits.Test04_Thread_Sleep -->
