<?xml version="1.0" encoding="UTF-8"?>
<!-- Generated by org.testng.reporters.JUnitReportReporter -->
<testsuite hostname="RaviGone" failures="0" tests="1" name="Day_018_ExcelUtility_Test.Test_1_JobTitles_Method2_xlsx2" time="27.246" errors="0" timestamp="31 Aug 2021 05:44:33 GMT" skipped="0">
  <testcase classname="Day_018_ExcelUtility_Test.Test_1_JobTitles_Method2_xlsx2" name="loginTest" time="27.246"/>
</testsuite> <!-- Day_018_ExcelUtility_Test.Test_1_JobTitles_Method2_xlsx2 -->
