<?xml version="1.0" encoding="UTF-8"?>
<!-- Generated by org.testng.reporters.JUnitReportReporter -->
<testsuite hostname="RaviGone" failures="0" tests="1" name="ABC_Demo0.admin_test01" time="77.771" errors="0" timestamp="10 Aug 2021 05:23:24 GMT" skipped="0">
  <testcase classname="ABC_Demo0.admin_test01" name="admin01" time="77.771"/>
</testsuite> <!-- ABC_Demo0.admin_test01 -->
