<?xml version="1.0" encoding="UTF-8"?>
<!-- Generated by org.testng.reporters.JUnitReportReporter -->
<testsuite hostname="RaviGone" failures="0" tests="1" name="Day_015_Actions.RightClick_4" time="10.631" errors="0" timestamp="23 Aug 2021 11:52:44 GMT" skipped="0">
  <testcase classname="Day_015_Actions.RightClick_4" name="Click" time="10.631"/>
</testsuite> <!-- Day_015_Actions.RightClick_4 -->
