<?xml version="1.0" encoding="UTF-8"?>
<!-- Generated by org.testng.reporters.JUnitReportReporter -->
<testsuite hostname="RaviGone" failures="0" tests="1" name="Day3_Locators.TC01_Name" time="9.341" errors="0" timestamp="12 Aug 2021 06:50:16 GMT" skipped="0">
  <testcase classname="Day3_Locators.TC01_Name" name="Test_Name" time="9.341"/>
</testsuite> <!-- Day3_Locators.TC01_Name -->
