<?xml version="1.0" encoding="UTF-8"?>
<!-- Generated by org.testng.reporters.JUnitReportReporter -->
<testsuite hostname="RaviGone" failures="0" tests="1" name="Day3_Locators.tagname" time="28.999" errors="0" timestamp="12 Aug 2021 10:42:56 GMT" skipped="0">
  <testcase classname="Day3_Locators.tagname" name="test_tagname" time="28.999"/>
</testsuite> <!-- Day3_Locators.tagname -->
