<?xml version="1.0" encoding="UTF-8"?>
<!-- Generated by org.testng.reporters.JUnitReportReporter -->
<testsuite hostname="RaviGone" failures="0" tests="1" name="Day_017_Advanced_Xpaths.T06_Starts_withText_Xpath2" time="21.107" errors="0" timestamp="25 Aug 2021 10:27:51 GMT" skipped="0">
  <testcase classname="Day_017_Advanced_Xpaths.T06_Starts_withText_Xpath2" name="Xpath2" time="21.107"/>
</testsuite> <!-- Day_017_Advanced_Xpaths.T06_Starts_withText_Xpath2 -->
