<?xml version="1.0" encoding="UTF-8"?>
<!-- Generated by org.testng.reporters.JUnitReportReporter -->
<testsuite hostname="RaviGone" failures="0" tests="1" name="Day_015_Actions.All_6" time="13.486" errors="0" timestamp="23 Aug 2021 12:10:07 GMT" skipped="0">
  <testcase classname="Day_015_Actions.All_6" name="Drop" time="13.486"/>
</testsuite> <!-- Day_015_Actions.All_6 -->
