<?xml version="1.0" encoding="UTF-8"?>
<!-- Generated by org.testng.reporters.JUnitReportReporter -->
<testsuite hostname="RaviGone" failures="0" tests="1" name="Day4_Dropdown.Test_1_Visibletext_parameters_Static" time="28.092" errors="0" timestamp="13 Aug 2021 06:00:08 GMT" skipped="0">
  <testcase classname="Day4_Dropdown.Test_1_Visibletext_parameters_Static" name="Drop_down" time="28.092"/>
</testsuite> <!-- Day4_Dropdown.Test_1_Visibletext_parameters_Static -->
