<?xml version="1.0" encoding="UTF-8"?>
<!-- Generated by org.testng.reporters.JUnitReportReporter -->
<testsuite hostname="RaviGone" failures="0" tests="1" name="ABC_Demo0.Open_Browser" time="7.000" errors="0" timestamp="11 Aug 2021 06:49:50 GMT" skipped="0">
  <testcase classname="ABC_Demo0.Open_Browser" name="Browser" time="7.000"/>
</testsuite> <!-- ABC_Demo0.Open_Browser -->
