<?xml version="1.0" encoding="UTF-8"?>
<!-- Generated by org.testng.reporters.JUnitReportReporter -->
<testsuite hostname="RaviGone" failures="0" tests="1" name="Day1.Parameters" time="25.714" errors="0" timestamp="11 Aug 2021 06:36:15 GMT" skipped="0">
  <testcase classname="Day1.Parameters" name="Static_Paramaters_test" time="25.714"/>
</testsuite> <!-- Day1.Parameters -->
