<?xml version="1.0" encoding="UTF-8"?>
<!-- Generated by org.testng.reporters.JUnitReportReporter -->
<testsuite hostname="RaviGone" failures="0" tests="2" name="Day_023_TestNG_Annotations.AllTests" time="0.017" errors="0" timestamp="03 Sep 2021 08:44:45 GMT" skipped="0">
  <testcase classname="Day_023_TestNG_Annotations.AllTests" name="Test4" time="0.009"/>
  <testcase classname="Day_023_TestNG_Annotations.AllTests" name="Test65" time="0.008"/>
</testsuite> <!-- Day_023_TestNG_Annotations.AllTests -->
