<?xml version="1.0" encoding="UTF-8"?>
<!-- Generated by org.testng.reporters.JUnitReportReporter -->
<testsuite hostname="RaviGone" failures="0" tests="1" name="Day3_Locators.TC04_xpath" time="22.123" errors="0" timestamp="15 Aug 2021 04:24:06 GMT" skipped="0">
  <testcase classname="Day3_Locators.TC04_xpath" name="Test_xpath" time="22.123"/>
</testsuite> <!-- Day3_Locators.TC04_xpath -->
