<?xml version="1.0" encoding="UTF-8"?>
<!-- Generated by org.testng.reporters.JUnitReportReporter -->
<testsuite hostname="RaviGone" failures="0" tests="1" name="Day1.Nationalities" time="20.244" errors="0" timestamp="10 Aug 2021 10:48:05 GMT" skipped="0">
  <testcase classname="Day1.Nationalities" name="Nationality" time="20.244"/>
</testsuite> <!-- Day1.Nationalities -->
