<?xml version="1.0" encoding="UTF-8"?>
<!-- Generated by org.testng.reporters.JUnitReportReporter -->
<testsuite hostname="RaviGone" failures="0" tests="1" name="Day_010_Custimize_EmailableReport_Lab1.Test1_Nationality" time="26.350" errors="0" timestamp="17 Aug 2021 11:47:46 GMT" skipped="0">
  <testcase classname="Day_010_Custimize_EmailableReport_Lab1.Test1_Nationality" name="Custamize_Report" time="26.350"/>
</testsuite> <!-- Day_010_Custimize_EmailableReport_Lab1.Test1_Nationality -->
