<?xml version="1.0" encoding="UTF-8"?>
<!-- Generated by org.testng.reporters.JUnitReportReporter -->
<testsuite hostname="RaviGone" failures="0" tests="1" name="Day_017_Advanced_Xpaths.Relative_Xpath_02" time="31.047" errors="0" timestamp="25 Aug 2021 06:56:29 GMT" skipped="0">
  <testcase classname="Day_017_Advanced_Xpaths.Relative_Xpath_02" name="Xpath2" time="31.047"/>
</testsuite> <!-- Day_017_Advanced_Xpaths.Relative_Xpath_02 -->
