<?xml version="1.0" encoding="UTF-8"?>
<!-- Generated by org.testng.reporters.JUnitReportReporter -->
<testsuite hostname="RaviGone" failures="0" tests="1" name="Day3_Locators.TC04_xpath2_Nonstatic" time="18.775" errors="0" timestamp="14 Aug 2021 05:28:26 GMT" skipped="0">
  <testcase classname="Day3_Locators.TC04_xpath2_Nonstatic" name="Test_xpath" time="18.775"/>
</testsuite> <!-- Day3_Locators.TC04_xpath2_Nonstatic -->
