<?xml version="1.0" encoding="UTF-8"?>
<!-- Generated by org.testng.reporters.JUnitReportReporter -->
<testsuite hostname="RaviGone" failures="0" tests="1" name="Day_015_Actions.MouseHover_Action" time="13.545" errors="0" timestamp="23 Aug 2021 11:10:13 GMT" skipped="0">
  <testcase classname="Day_015_Actions.MouseHover_Action" name="Mouse_Action" time="13.545"/>
</testsuite> <!-- Day_015_Actions.MouseHover_Action -->
