<?xml version="1.0" encoding="UTF-8"?>
<!-- Generated by org.testng.reporters.JUnitReportReporter -->
<testsuite hostname="RaviGone" failures="0" tests="1" name="Day_18_ExcelUtility_Test.Test_5_JobTitles_PutData_xls" time="0.837" errors="0" timestamp="27 Aug 2021 11:30:15 GMT" skipped="0">
  <testcase classname="Day_18_ExcelUtility_Test.Test_5_JobTitles_PutData_xls" name="loginTest" time="0.837"/>
</testsuite> <!-- Day_18_ExcelUtility_Test.Test_5_JobTitles_PutData_xls -->
