<?xml version="1.0" encoding="UTF-8"?>
<!-- Generated by org.testng.reporters.JUnitReportReporter -->
<testsuite hostname="RaviGone" failures="0" tests="1" name="Day_017_Advanced_Xpaths.Absoulte_Xpath_01" time="17.269" errors="0" timestamp="25 Aug 2021 05:53:44 GMT" skipped="0">
  <testcase classname="Day_017_Advanced_Xpaths.Absoulte_Xpath_01" name="Xpath1" time="17.269"/>
</testsuite> <!-- Day_017_Advanced_Xpaths.Absoulte_Xpath_01 -->
