<?xml version="1.0" encoding="UTF-8"?>
<!-- Generated by org.testng.reporters.JUnitReportReporter -->
<testsuite hostname="RaviGone" failures="0" tests="1" name="Day_020_PageObject_Model.Add_Employes" time="14.130" errors="0" timestamp="30 Aug 2021 12:07:43 GMT" skipped="0">
  <testcase classname="Day_020_PageObject_Model.Add_Employes" name="AddEmployes" time="14.130"/>
</testsuite> <!-- Day_020_PageObject_Model.Add_Employes -->
