<?xml version="1.0" encoding="UTF-8"?>
<!-- Generated by org.testng.reporters.JUnitReportReporter -->
<testsuite hostname="RaviGone" failures="0" tests="1" name="Day1.Find_Element" time="20.499" errors="0" timestamp="10 Aug 2021 07:49:54 GMT" skipped="0">
  <testcase classname="Day1.Find_Element" name="Job_details" time="20.499"/>
</testsuite> <!-- Day1.Find_Element -->
