<?xml version="1.0" encoding="UTF-8"?>
<!-- Generated by org.testng.reporters.JUnitReportReporter -->
<testsuite hostname="RaviGone" failures="0" tests="1" name="Day1.Login_Details" time="16.922" errors="0" timestamp="10 Aug 2021 06:44:26 GMT" skipped="0">
  <testcase classname="Day1.Login_Details" name="Login" time="16.922"/>
</testsuite> <!-- Day1.Login_Details -->
