<?xml version="1.0" encoding="UTF-8"?>
<!-- Generated by org.testng.reporters.JUnitReportReporter -->
<testsuite hostname="RaviGone" failures="0" tests="1" name="Day_019_Export_WebTable_Elements.Test2_Locations" time="24.889" errors="0" timestamp="14 Sep 2021 11:41:23 GMT" skipped="0">
  <testcase classname="Day_019_Export_WebTable_Elements.Test2_Locations" name="Locations_List" time="24.889"/>
</testsuite> <!-- Day_019_Export_WebTable_Elements.Test2_Locations -->
