<?xml version="1.0" encoding="UTF-8"?>
<!-- Generated by org.testng.reporters.JUnitReportReporter -->
<testsuite hostname="RaviGone" failures="0" tests="1" name="Dropdown.Test_1_Visibletext_parameters" time="35.669" errors="0" timestamp="12 Aug 2021 15:38:10 GMT" skipped="0">
  <testcase classname="Dropdown.Test_1_Visibletext_parameters" name="Drop_down" time="35.669"/>
</testsuite> <!-- Dropdown.Test_1_Visibletext_parameters -->
