<?xml version="1.0" encoding="UTF-8"?>
<!-- Generated by org.testng.reporters.JUnitReportReporter -->
<testsuite hostname="RaviGone" failures="0" tests="1" name="Day1.Add_Skills2" time="19.890" errors="0" timestamp="11 Aug 2021 07:03:31 GMT" skipped="0">
  <testcase classname="Day1.Add_Skills2" name="Skill_test" time="19.890"/>
</testsuite> <!-- Day1.Add_Skills2 -->
