<?xml version="1.0" encoding="UTF-8"?>
<!-- Generated by org.testng.reporters.JUnitReportReporter -->
<testsuite hostname="RaviGone" failures="0" tests="1" name="Day_016_FileUpload.FileDownload" time="0.028" errors="0" timestamp="24 Aug 2021 11:37:49 GMT" skipped="0">
  <testcase classname="Day_016_FileUpload.FileDownload" name="DownloadFile" time="0.028"/>
</testsuite> <!-- Day_016_FileUpload.FileDownload -->
