<?xml version="1.0" encoding="UTF-8"?>
<!-- Generated by org.testng.reporters.JUnitReportReporter -->
<testsuite hostname="RaviGone" failures="0" tests="1" name="Day8_Emailable_Report.Test1" time="16.027" errors="0" timestamp="16 Aug 2021 05:39:12 GMT" skipped="0">
  <testcase classname="Day8_Emailable_Report.Test1" name="Email_1" time="16.027"/>
</testsuite> <!-- Day8_Emailable_Report.Test1 -->
