<?xml version="1.0" encoding="UTF-8"?>
<!-- Generated by org.testng.reporters.JUnitReportReporter -->
<testsuite hostname="RaviGone" failures="0" tests="1" name="Day_003_Locators.TC04_xpath2_Nonstatic" time="26.520" errors="0" timestamp="06 Sep 2021 10:20:51 GMT" skipped="0">
  <testcase classname="Day_003_Locators.TC04_xpath2_Nonstatic" name="Test_xpath" time="26.520"/>
</testsuite> <!-- Day_003_Locators.TC04_xpath2_Nonstatic -->
