<?xml version="1.0" encoding="UTF-8"?>
<!-- Generated by org.testng.reporters.JUnitReportReporter -->
<testsuite hostname="RaviGone" failures="0" tests="1" name="Day_013_Waits.Test01_Implicit_Wait" time="26.912" errors="0" timestamp="19 Aug 2021 13:49:22 GMT" skipped="0">
  <testcase classname="Day_013_Waits.Test01_Implicit_Wait" name="Implicit" time="26.912"/>
</testsuite> <!-- Day_013_Waits.Test01_Implicit_Wait -->
