<?xml version="1.0" encoding="UTF-8"?>
<!-- Generated by org.testng.reporters.JUnitReportReporter -->
<testsuite hostname="RaviGone" failures="0" tests="1" name="Day_016_FileUpload.Existing_ID_Fileupload" time="34.137" errors="0" timestamp="24 Aug 2021 11:10:48 GMT" skipped="0">
  <testcase classname="Day_016_FileUpload.Existing_ID_Fileupload" name="Pic_Upload" time="34.137"/>
</testsuite> <!-- Day_016_FileUpload.Existing_ID_Fileupload -->
