<?xml version="1.0" encoding="UTF-8"?>
<!-- Generated by org.testng.reporters.JUnitReportReporter -->
<testsuite hostname="RaviGone" failures="0" tests="1" name="Day_009_ExtentReports.ExtentReport_AddEmploye" time="126.459" errors="0" timestamp="11 Oct 2021 12:21:08 GMT" skipped="0">
  <testcase classname="Day_009_ExtentReports.ExtentReport_AddEmploye" name="Report3_Test" time="126.459"/>
</testsuite> <!-- Day_009_ExtentReports.ExtentReport_AddEmploye -->
