<?xml version="1.0" encoding="UTF-8"?>
<!-- Generated by org.testng.reporters.JUnitReportReporter -->
<testsuite hostname="RaviGone" failures="0" tests="1" name="Day044_Return_Values.TC001_Return_Single_Value" time="0.018" errors="0" timestamp="31 Aug 2021 13:10:16 GMT" skipped="0">
  <testcase classname="Day044_Return_Values.TC001_Return_Single_Value" name="Test5" time="0.018"/>
</testsuite> <!-- Day044_Return_Values.TC001_Return_Single_Value -->
